<?xml version="1.0" encoding="UTF-8"?>
<!-- Generated by org.testng.reporters.JUnitXMLReporter -->
<testsuite ignored="3" hostname="DESKTOP-JBT7D29" failures="0" tests="1" name="Default test" time="34.756" errors="0" timestamp="26 Jun 2018 13:51:32 GMT">
  <testcase classname="com.pagefreezer.assignments.BasicUsabilityTests" name="b_canAccessDefaultWebsiteArchives" time="18.824"/>
  <testcase classname="com.pagefreezer.assignments.BasicUsabilityTests" name="d_canUsePortalHomePage" time="0.0">
    <ignored/>
  </testcase> <!-- d_canUsePortalHomePage -->
  <testcase classname="com.pagefreezer.assignments.BasicUsabilityTests" name="c_canSelectOnlyWebsitesToSearch" time="0.0">
    <ignored/>
  </testcase> <!-- c_canSelectOnlyWebsitesToSearch -->
  <testcase classname="com.pagefreezer.assignments.BasicUsabilityTests" name="a_userCanDoBasicSearch" time="0.0">
    <ignored/>
  </testcase> <!-- a_userCanDoBasicSearch -->
</testsuite> <!-- Default test -->
