<?xml version="1.0" encoding="UTF-8"?>
<testng-results ignored="3" total="4" passed="1" failed="0" skipped="0">
  <reporter-output>
  </reporter-output>
  <suite started-at="2018-06-26T13:50:57Z" name="Default suite" finished-at="2018-06-26T13:51:32Z" duration-ms="34756">
    <groups>
    </groups>
    <test started-at="2018-06-26T13:50:57Z" name="Default test" finished-at="2018-06-26T13:51:32Z" duration-ms="34756">
      <class name="com.pagefreezer.assignments.BasicUsabilityTests">
        <test-method is-config="true" signature="setup()[pri:0, instance:com.pagefreezer.assignments.BasicUsabilityTests@fa36558]" started-at="2018-06-26T13:50:57Z" name="setup" finished-at="2018-06-26T13:51:10Z" duration-ms="13132" status="PASS">
          <reporter-output>
          </reporter-output>
        </test-method> <!-- setup -->
        <test-method signature="b_canAccessDefaultWebsiteArchives()[pri:0, instance:com.pagefreezer.assignments.BasicUsabilityTests@fa36558]" started-at="2018-06-26T13:51:10Z" name="b_canAccessDefaultWebsiteArchives" finished-at="2018-06-26T13:51:29Z" duration-ms="18824" status="PASS">
          <reporter-output>
          </reporter-output>
        </test-method> <!-- b_canAccessDefaultWebsiteArchives -->
        <test-method is-config="true" signature="tearDown()[pri:0, instance:com.pagefreezer.assignments.BasicUsabilityTests@fa36558]" started-at="2018-06-26T13:51:29Z" name="tearDown" finished-at="2018-06-26T13:51:32Z" duration-ms="2675" status="PASS">
          <reporter-output>
          </reporter-output>
        </test-method> <!-- tearDown -->
      </class> <!-- com.pagefreezer.assignments.BasicUsabilityTests -->
    </test> <!-- Default test -->
  </suite> <!-- Default suite -->
</testng-results>
